<?xml version="1.0" encoding="UTF-8"?>
<!-- Generated by org.testng.reporters.JUnitXMLReporter -->
<testsuite hostname="DESKTOP-AMSG348" ignored="0" name="CheapOair Test" tests="3" failures="0" timestamp="2020-03-18T23:33:15 IST" time="52.0" errors="0">
  <testcase name="googleTest" time="11.771" classname="org.testNG.tests.GoogleTest"/>
  <testcase name="naukriTest" time="23.627" classname="org.testNG.tests.NaukriTest"/>
  <testcase name="cheapoairTest" time="21.155" classname="org.testNG.tests.CheapoAir"/>
</testsuite> <!-- CheapOair Test -->
